INFO:root:
2020-06-09 20:49:54.163272 :    florescharles sent spam! 
INFO:root:
2020-06-09 20:49:54.254034 :    brownbrandon sent spam! 
INFO:root:
2020-06-09 20:49:54.278030 :    sanchezdarrell sent spam! 
INFO:root:
2020-06-09 20:49:54.638251 :    florescharles sent spam! 
INFO:root:
2020-06-09 20:49:54.650355 :    brownbrandon sent spam! 
INFO:root:
2020-06-09 20:49:54.750844 :    shelley04 sent spam! 
INFO:root:
2020-06-09 20:49:54.775370 :    sanchezdarrell sent spam! 
INFO:root:
2020-06-09 20:49:54.841085 :    gpoole sent spam! 
INFO:root:
2020-06-09 20:49:54.923205 :    florescharles sent spam! 
INFO:root:
2020-06-09 20:49:55.024274 :    shelley04 sent spam! 
INFO:root:
2020-06-09 20:49:55.099276 :    sanchezdarrell sent spam! 
INFO:root:
2020-06-09 20:49:55.100282 :    josephduncan sent spam! 
INFO:root:
2020-06-09 20:49:55.279489 :    florescharles sent spam! 
INFO:root:
2020-06-09 20:49:55.442340 :    florescharles sent spam! 
INFO:root:
2020-06-09 20:49:55.473326 :    josephduncan sent spam! 
INFO:root:
2020-06-09 20:49:55.590188 :    brownbrandon sent spam! 
INFO:root:
2020-06-09 20:49:55.654475 :    gpoole sent spam! 
INFO:root:
2020-06-09 20:49:55.793287 :    shelley04 sent spam! 
INFO:root:
2020-06-09 20:49:55.856801 :    josephduncan sent spam! 
INFO:root:
2020-06-09 20:49:55.874297 :    sanchezdarrell sent spam! 
INFO:root:
2020-06-09 20:49:55.935332 :    christinawatson sent spam! 
INFO:root:
2020-06-09 20:49:56.032586 :    brownbrandon sent spam! 
INFO:root:
2020-06-09 20:49:56.051205 :    shelley04 sent spam! 
INFO:root:
2020-06-09 20:49:56.097179 :    sanchezdarrell sent spam! 
INFO:root:
2020-06-09 20:49:56.109201 :    josephduncan sent spam! 
INFO:root:
2020-06-09 20:49:56.185533 :    josephduncan sent spam! 
INFO:root:
2020-06-09 20:49:56.325042 :    brownbrandon sent spam! 
INFO:root:
2020-06-09 20:49:56.354962 :    josephduncan sent spam! 
INFO:root:
2020-06-09 20:49:56.575623 :    florescharles sent spam! 
INFO:root:
2020-06-09 20:49:56.665730 :    shelley04 sent spam! 
INFO:root:
2020-06-09 20:49:56.685103 :    christinawatson sent spam! 
INFO:root:
2020-06-09 20:49:57.271203 :    shelley04 sent spam! 
INFO:root:
2020-06-09 20:50:36.576065 :    lesterholly sent spam! 
INFO:root:
2020-06-09 20:50:36.582049 :    bwilliams sent spam! 
INFO:root:
2020-06-09 20:50:36.707138 :    joseph64 sent spam! 
INFO:root:
2020-06-09 20:50:36.736099 :    lesterholly sent spam! 
INFO:root:
2020-06-09 20:50:36.818440 :    john77 sent spam! 
INFO:root:
2020-06-09 20:50:36.870199 :    bwilliams sent spam! 
INFO:root:
2020-06-09 20:50:36.898238 :    lesterholly sent spam! 
INFO:root:
2020-06-09 20:50:36.981526 :    gary25 sent spam! 
INFO:root:
2020-06-09 20:50:37.117489 :    joseph64 sent spam! 
INFO:root:
2020-06-09 20:50:37.177072 :    hicksholly sent spam! 
INFO:root:
2020-06-09 20:50:37.221415 :    gary25 sent spam! 
INFO:root:
2020-06-09 20:50:37.309565 :    bwilliams sent spam! 
INFO:root:
2020-06-09 20:50:37.430601 :    lesterholly sent spam! 
INFO:root:
2020-06-09 20:50:37.625398 :    clin sent spam! 
INFO:root:
2020-06-09 20:50:37.631385 :    john77 sent spam! 
INFO:root:
2020-06-09 20:50:37.679357 :    bwilliams sent spam! 
INFO:root:
2020-06-09 20:50:37.739214 :    hicksholly sent spam! 
INFO:root:
2020-06-09 20:50:37.767246 :    joseph64 sent spam! 
INFO:root:
2020-06-09 20:50:37.886303 :    lesterholly sent spam! 
INFO:root:
2020-06-09 20:50:37.933410 :    clin sent spam! 
INFO:root:
2020-06-09 20:50:37.967608 :    gary25 sent spam! 
INFO:root:
2020-06-09 20:50:38.101483 :    hicksholly sent spam! 
INFO:root:
2020-06-09 20:50:38.176949 :    john77 sent spam! 
INFO:root:
2020-06-09 20:50:38.327031 :    bwilliams sent spam! 
INFO:root:
2020-06-09 20:50:38.366992 :    hicksholly sent spam! 
INFO:root:
2020-06-09 20:50:38.457838 :    gary25 sent spam! 
INFO:root:
2020-06-09 20:50:38.559432 :    joseph64 sent spam! 
INFO:root:
2020-06-09 20:50:38.582182 :    bwilliams sent spam! 
INFO:root:
2020-06-09 20:50:38.695632 :    clin sent spam! 
INFO:root:
2020-06-09 20:50:38.720308 :    bwilliams sent spam! 
INFO:root:
2020-06-09 20:50:38.721180 :    gary25 sent spam! 
INFO:root:
2020-06-09 20:50:38.863465 :    bwilliams sent spam! 
INFO:root:
2020-06-09 20:50:38.894167 :    gary25 sent spam! 
INFO:root:
2020-06-09 20:50:38.946634 :    hicksholly sent spam! 
INFO:root:
2020-06-09 20:50:39.036083 :    joseph64 sent spam! 
INFO:root:
2020-06-09 20:50:39.041298 :    john77 sent spam! 
INFO:root:
2020-06-09 20:50:39.110565 :    lesterholly sent spam! 
INFO:root:
2020-06-09 20:50:39.192480 :    gary25 sent spam! 
INFO:root:
2020-06-09 20:50:39.233684 :    bwilliams sent spam! 
INFO:root:
2020-06-09 20:50:39.291179 :    hicksholly sent spam! 
INFO:root:
2020-06-09 20:50:39.331172 :    gary25 sent spam! 
INFO:root:
2020-06-09 20:50:39.865899 :    clin sent spam! 
INFO:root:
2020-06-09 20:50:40.732145 :    joseph64 sent spam! 
INFO:root:
2020-06-09 20:56:19.099500 :    User => sas signed in
INFO:root:
2020-06-09 20:56:30.264155 :    User => sas signed out
INFO:root:
2020-06-09 20:56:57.364619 :    User => user1 signed in
INFO:root:
2020-06-09 20:57:23.174772 :    User => user1 signed out
INFO:root:
2020-06-09 20:57:31.176511 :    User => user2 signed in
INFO:root:
2020-06-09 21:02:28.385209 :    user2 sent spam! 
